{"C:\\Genesys\\Projects\\PureEngage\\genesys-webcomponents\\src\\components\\global\\genesys-button\\genesys-button.tsx": {"path":"C:\\Genesys\\Projects\\PureEngage\\genesys-webcomponents\\src\\components\\global\\genesys-button\\genesys-button.tsx","statementMap":{"0":{"start":{"line":1,"column":0},"end":{"line":1,"column":63}},"1":{"start":{"line":14,"column":2},"end":{"line":14,"column":28}},"2":{"start":{"line":20,"column":2},"end":{"line":20,"column":31}},"3":{"start":{"line":26,"column":2},"end":{"line":26,"column":20}},"4":{"start":{"line":32,"column":2},"end":{"line":32,"column":24}},"5":{"start":{"line":38,"column":2},"end":{"line":38,"column":25}},"6":{"start":{"line":47,"column":4},"end":{"line":47,"column":63}},"7":{"start":{"line":51,"column":4},"end":{"line":51,"column":33}},"8":{"start":{"line":55,"column":4},"end":{"line":57,"column":35}},"9":{"start":{"line":61,"column":4},"end":{"line":91,"column":6}},"10":{"start":{"line":3,"column":0},"end":{"line":93,"column":1}}},"fnMap":{"0":{"name":"(anonymous_0)","decl":{"start":{"line":3,"column":0},"end":{"line":null,"column":-1}},"loc":{"start":{"line":3,"column":0},"end":{"line":93,"column":1}}},"1":{"name":"(anonymous_1)","decl":{"start":{"line":46,"column":2},"end":{"line":46,"column":10}},"loc":{"start":{"line":46,"column":11},"end":{"line":48,"column":3}}},"2":{"name":"(anonymous_2)","decl":{"start":{"line":50,"column":2},"end":{"line":50,"column":17}},"loc":{"start":{"line":50,"column":18},"end":{"line":52,"column":3}}},"3":{"name":"(anonymous_3)","decl":{"start":{"line":54,"column":2},"end":{"line":54,"column":11}},"loc":{"start":{"line":54,"column":29},"end":{"line":58,"column":3}}},"4":{"name":"(anonymous_4)","decl":{"start":{"line":60,"column":2},"end":{"line":60,"column":7}},"loc":{"start":{"line":60,"column":8},"end":{"line":92,"column":3}}}},"branchMap":{"0":{"loc":{"start":{"line":47,"column":39},"end":{"line":47,"column":48}},"type":"cond-expr","locations":[{"start":{"line":47,"column":39},"end":{"line":47,"column":48}},{"start":{"line":47,"column":51},"end":{"line":47,"column":62}}]},"1":{"loc":{"start":{"line":56,"column":8},"end":{"line":56,"column":16}},"type":"cond-expr","locations":[{"start":{"line":56,"column":8},"end":{"line":56,"column":16}},{"start":{"line":57,"column":8},"end":{"line":57,"column":34}}]},"2":{"loc":{"start":{"line":68,"column":10},"end":{"line":74,"column":12}},"type":"cond-expr","locations":[{"start":{"line":68,"column":10},"end":{"line":74,"column":12}},{"start":{"line":76,"column":10},"end":{"line":76,"column":12}}]},"3":{"loc":{"start":{"line":72,"column":27},"end":{"line":72,"column":36}},"type":"cond-expr","locations":[{"start":{"line":72,"column":27},"end":{"line":72,"column":36}},{"start":{"line":72,"column":39},"end":{"line":72,"column":41}}]},"4":{"loc":{"start":{"line":80,"column":10},"end":{"line":86,"column":12}},"type":"cond-expr","locations":[{"start":{"line":80,"column":10},"end":{"line":86,"column":12}},{"start":{"line":88,"column":10},"end":{"line":88,"column":12}}]},"5":{"loc":{"start":{"line":84,"column":27},"end":{"line":84,"column":36}},"type":"cond-expr","locations":[{"start":{"line":84,"column":27},"end":{"line":84,"column":36}},{"start":{"line":84,"column":39},"end":{"line":84,"column":41}}]}},"s":{"0":1,"1":4,"2":4,"3":4,"4":4,"5":4,"6":3,"7":0,"8":0,"9":0,"10":1},"f":{"0":4,"1":3,"2":0,"3":0,"4":0},"b":{"0":[1,2],"1":[0,0],"2":[0,0],"3":[0,0],"4":[0,0],"5":[0,0]}}
,"C:\\Genesys\\Projects\\PureEngage\\genesys-webcomponents\\src\\components\\global\\genesys-text-field\\genesys-text-field.tsx": {"path":"C:\\Genesys\\Projects\\PureEngage\\genesys-webcomponents\\src\\components\\global\\genesys-text-field\\genesys-text-field.tsx","statementMap":{"0":{"start":{"line":1,"column":0},"end":{"line":9,"column":22}},"1":{"start":{"line":11,"column":0},"end":{"line":14,"column":1}},"2":{"start":{"line":12,"column":2},"end":{"line":12,"column":21}},"3":{"start":{"line":13,"column":2},"end":{"line":13,"column":17}},"4":{"start":{"line":27,"column":2},"end":{"line":27,"column":24}},"5":{"start":{"line":33,"column":2},"end":{"line":33,"column":21}},"6":{"start":{"line":39,"column":2},"end":{"line":39,"column":28}},"7":{"start":{"line":45,"column":2},"end":{"line":45,"column":28}},"8":{"start":{"line":57,"column":2},"end":{"line":57,"column":68}},"9":{"start":{"line":69,"column":2},"end":{"line":69,"column":34}},"10":{"start":{"line":75,"column":2},"end":{"line":75,"column":32}},"11":{"start":{"line":78,"column":2},"end":{"line":78,"column":47}},"12":{"start":{"line":81,"column":2},"end":{"line":81,"column":29}},"13":{"start":{"line":95,"column":4},"end":{"line":95,"column":27}},"14":{"start":{"line":96,"column":4},"end":{"line":96,"column":28}},"15":{"start":{"line":97,"column":4},"end":{"line":97,"column":36}},"16":{"start":{"line":98,"column":4},"end":{"line":98,"column":40}},"17":{"start":{"line":102,"column":4},"end":{"line":102,"column":31}},"18":{"start":{"line":103,"column":4},"end":{"line":103,"column":27}},"19":{"start":{"line":108,"column":4},"end":{"line":108,"column":27}},"20":{"start":{"line":109,"column":4},"end":{"line":147,"column":29}},"21":{"start":{"line":110,"column":6},"end":{"line":145,"column":7}},"22":{"start":{"line":112,"column":10},"end":{"line":117,"column":11}},"23":{"start":{"line":113,"column":12},"end":{"line":113,"column":34}},"24":{"start":{"line":114,"column":12},"end":{"line":114,"column":43}},"25":{"start":{"line":116,"column":12},"end":{"line":116,"column":35}},"26":{"start":{"line":118,"column":10},"end":{"line":118,"column":16}},"27":{"start":{"line":120,"column":10},"end":{"line":126,"column":11}},"28":{"start":{"line":121,"column":12},"end":{"line":121,"column":43}},"29":{"start":{"line":122,"column":12},"end":{"line":122,"column":34}},"30":{"start":{"line":124,"column":12},"end":{"line":124,"column":34}},"31":{"start":{"line":125,"column":12},"end":{"line":125,"column":35}},"32":{"start":{"line":127,"column":10},"end":{"line":127,"column":16}},"33":{"start":{"line":129,"column":29},"end":{"line":129,"column":54}},"34":{"start":{"line":130,"column":10},"end":{"line":143,"column":11}},"35":{"start":{"line":131,"column":12},"end":{"line":139,"column":13}},"36":{"start":{"line":132,"column":14},"end":{"line":132,"column":45}},"37":{"start":{"line":133,"column":14},"end":{"line":133,"column":56}},"38":{"start":{"line":134,"column":14},"end":{"line":134,"column":36}},"39":{"start":{"line":135,"column":19},"end":{"line":139,"column":13}},"40":{"start":{"line":136,"column":14},"end":{"line":136,"column":47}},"41":{"start":{"line":137,"column":14},"end":{"line":137,"column":58}},"42":{"start":{"line":138,"column":14},"end":{"line":138,"column":36}},"43":{"start":{"line":141,"column":12},"end":{"line":141,"column":34}},"44":{"start":{"line":142,"column":12},"end":{"line":142,"column":35}},"45":{"start":{"line":144,"column":10},"end":{"line":144,"column":16}},"46":{"start":{"line":146,"column":6},"end":{"line":146,"column":33}},"47":{"start":{"line":151,"column":4},"end":{"line":155,"column":5}},"48":{"start":{"line":152,"column":6},"end":{"line":154,"column":7}},"49":{"start":{"line":153,"column":8},"end":{"line":153,"column":70}},"50":{"start":{"line":156,"column":4},"end":{"line":158,"column":5}},"51":{"start":{"line":157,"column":6},"end":{"line":157,"column":61}},"52":{"start":{"line":159,"column":4},"end":{"line":167,"column":5}},"53":{"start":{"line":160,"column":6},"end":{"line":162,"column":7}},"54":{"start":{"line":161,"column":8},"end":{"line":161,"column":56}},"55":{"start":{"line":164,"column":6},"end":{"line":166,"column":7}},"56":{"start":{"line":165,"column":8},"end":{"line":165,"column":68}},"57":{"start":{"line":171,"column":4},"end":{"line":171,"column":62}},"58":{"start":{"line":175,"column":4},"end":{"line":181,"column":5}},"59":{"start":{"line":177,"column":8},"end":{"line":177,"column":45}},"60":{"start":{"line":180,"column":8},"end":{"line":180,"column":41}},"61":{"start":{"line":185,"column":4},"end":{"line":185,"column":17}},"62":{"start":{"line":186,"column":4},"end":{"line":186,"column":26}},"63":{"start":{"line":187,"column":4},"end":{"line":187,"column":32}},"64":{"start":{"line":195,"column":4},"end":{"line":195,"column":20}},"65":{"start":{"line":196,"column":4},"end":{"line":196,"column":33}},"66":{"start":{"line":197,"column":4},"end":{"line":197,"column":57}},"67":{"start":{"line":198,"column":4},"end":{"line":198,"column":27}},"68":{"start":{"line":199,"column":4},"end":{"line":199,"column":30}},"69":{"start":{"line":203,"column":4},"end":{"line":229,"column":6}},"70":{"start":{"line":209,"column":24},"end":{"line":209,"column":46}},"71":{"start":{"line":212,"column":26},"end":{"line":212,"column":43}},"72":{"start":{"line":218,"column":28},"end":{"line":218,"column":42}},"73":{"start":{"line":16,"column":0},"end":{"line":231,"column":1}}},"fnMap":{"0":{"name":"(anonymous_0)","decl":{"start":{"line":11,"column":0},"end":{"line":11,"column":4}},"loc":{"start":{"line":11,"column":10},"end":{"line":14,"column":1}}},"1":{"name":"(anonymous_1)","decl":{"start":{"line":16,"column":0},"end":{"line":null,"column":-1}},"loc":{"start":{"line":16,"column":0},"end":{"line":231,"column":1}}},"2":{"name":"(anonymous_2)","decl":{"start":{"line":94,"column":2},"end":{"line":94,"column":10}},"loc":{"start":{"line":94,"column":17},"end":{"line":99,"column":3}}},"3":{"name":"(anonymous_3)","decl":{"start":{"line":101,"column":2},"end":{"line":101,"column":16}},"loc":{"start":{"line":101,"column":17},"end":{"line":104,"column":3}}},"4":{"name":"(anonymous_4)","decl":{"start":{"line":107,"column":2},"end":{"line":107,"column":11}},"loc":{"start":{"line":107,"column":29},"end":{"line":148,"column":3}}},"5":{"name":"(anonymous_5)","decl":{"start":{"line":109,"column":30},"end":{"line":109,"column":32}},"loc":{"start":{"line":109,"column":35},"end":{"line":147,"column":5}}},"6":{"name":"(anonymous_6)","decl":{"start":{"line":150,"column":2},"end":{"line":150,"column":16}},"loc":{"start":{"line":150,"column":27},"end":{"line":168,"column":3}}},"7":{"name":"(anonymous_7)","decl":{"start":{"line":170,"column":2},"end":{"line":170,"column":17}},"loc":{"start":{"line":170,"column":18},"end":{"line":172,"column":3}}},"8":{"name":"(anonymous_8)","decl":{"start":{"line":174,"column":2},"end":{"line":174,"column":21}},"loc":{"start":{"line":174,"column":27},"end":{"line":182,"column":3}}},"9":{"name":"(anonymous_9)","decl":{"start":{"line":184,"column":2},"end":{"line":184,"column":7}},"loc":{"start":{"line":184,"column":14},"end":{"line":188,"column":3}}},"10":{"name":"(anonymous_10)","decl":{"start":{"line":194,"column":2},"end":{"line":194,"column":6}},"loc":{"start":{"line":194,"column":7},"end":{"line":200,"column":3}}},"11":{"name":"(anonymous_11)","decl":{"start":{"line":202,"column":2},"end":{"line":202,"column":7}},"loc":{"start":{"line":202,"column":8},"end":{"line":230,"column":3}}},"12":{"name":"(anonymous_12)","decl":{"start":{"line":209,"column":17},"end":{"line":209,"column":18}},"loc":{"start":{"line":209,"column":24},"end":{"line":209,"column":46}}},"13":{"name":"(anonymous_13)","decl":{"start":{"line":212,"column":21},"end":{"line":212,"column":22}},"loc":{"start":{"line":212,"column":26},"end":{"line":212,"column":43}}},"14":{"name":"(anonymous_14)","decl":{"start":{"line":218,"column":23},"end":{"line":218,"column":24}},"loc":{"start":{"line":218,"column":28},"end":{"line":218,"column":42}}}},"branchMap":{"0":{"loc":{"start":{"line":11,"column":5},"end":{"line":11,"column":10}},"type":"binary-expr","locations":[{"start":{"line":11,"column":5},"end":{"line":11,"column":10}},{"start":{"line":11,"column":5},"end":{"line":11,"column":10}}]},"1":{"loc":{"start":{"line":111,"column":8},"end":{"line":118,"column":16}},"type":"switch","locations":[{"start":{"line":111,"column":8},"end":{"line":118,"column":16}},{"start":{"line":119,"column":8},"end":{"line":127,"column":16}},{"start":{"line":128,"column":8},"end":{"line":144,"column":16}}]},"2":{"loc":{"start":{"line":112,"column":10},"end":{"line":117,"column":11}},"type":"if","locations":[{"start":{"line":112,"column":10},"end":{"line":117,"column":11}},{"start":{"line":112,"column":10},"end":{"line":117,"column":11}}]},"3":{"loc":{"start":{"line":119,"column":13},"end":{"line":119,"column":28}},"type":"binary-expr","locations":[{"start":{"line":119,"column":13},"end":{"line":119,"column":28}},{"start":{"line":119,"column":32},"end":{"line":119,"column":67}}]},"4":{"loc":{"start":{"line":120,"column":10},"end":{"line":126,"column":11}},"type":"if","locations":[{"start":{"line":120,"column":10},"end":{"line":126,"column":11}},{"start":{"line":120,"column":10},"end":{"line":126,"column":11}}]},"5":{"loc":{"start":{"line":128,"column":13},"end":{"line":128,"column":28}},"type":"binary-expr","locations":[{"start":{"line":128,"column":13},"end":{"line":128,"column":28}},{"start":{"line":128,"column":32},"end":{"line":128,"column":69}}]},"6":{"loc":{"start":{"line":130,"column":10},"end":{"line":143,"column":11}},"type":"if","locations":[{"start":{"line":130,"column":10},"end":{"line":143,"column":11}},{"start":{"line":130,"column":10},"end":{"line":143,"column":11}}]},"7":{"loc":{"start":{"line":131,"column":12},"end":{"line":139,"column":13}},"type":"if","locations":[{"start":{"line":131,"column":12},"end":{"line":139,"column":13}},{"start":{"line":131,"column":12},"end":{"line":139,"column":13}}]},"8":{"loc":{"start":{"line":135,"column":19},"end":{"line":139,"column":13}},"type":"if","locations":[{"start":{"line":135,"column":19},"end":{"line":139,"column":13}},{"start":{"line":135,"column":19},"end":{"line":139,"column":13}}]},"9":{"loc":{"start":{"line":152,"column":6},"end":{"line":154,"column":7}},"type":"if","locations":[{"start":{"line":152,"column":6},"end":{"line":154,"column":7}},{"start":{"line":152,"column":6},"end":{"line":154,"column":7}}]},"10":{"loc":{"start":{"line":156,"column":4},"end":{"line":158,"column":5}},"type":"if","locations":[{"start":{"line":156,"column":4},"end":{"line":158,"column":5}},{"start":{"line":156,"column":4},"end":{"line":158,"column":5}}]},"11":{"loc":{"start":{"line":159,"column":4},"end":{"line":167,"column":5}},"type":"if","locations":[{"start":{"line":159,"column":4},"end":{"line":167,"column":5}},{"start":{"line":159,"column":4},"end":{"line":167,"column":5}}]},"12":{"loc":{"start":{"line":159,"column":8},"end":{"line":159,"column":28}},"type":"binary-expr","locations":[{"start":{"line":159,"column":8},"end":{"line":159,"column":28}},{"start":{"line":159,"column":32},"end":{"line":159,"column":41}}]},"13":{"loc":{"start":{"line":160,"column":6},"end":{"line":162,"column":7}},"type":"if","locations":[{"start":{"line":160,"column":6},"end":{"line":162,"column":7}},{"start":{"line":160,"column":6},"end":{"line":162,"column":7}}]},"14":{"loc":{"start":{"line":164,"column":6},"end":{"line":166,"column":7}},"type":"if","locations":[{"start":{"line":164,"column":6},"end":{"line":166,"column":7}},{"start":{"line":164,"column":6},"end":{"line":166,"column":7}}]},"15":{"loc":{"start":{"line":176,"column":6},"end":{"line":177,"column":45}},"type":"switch","locations":[{"start":{"line":176,"column":6},"end":{"line":177,"column":45}},{"start":{"line":178,"column":6},"end":{"line":178,"column":14}},{"start":{"line":179,"column":6},"end":{"line":180,"column":41}}]},"16":{"loc":{"start":{"line":214,"column":11},"end":{"line":214,"column":21}},"type":"binary-expr","locations":[{"start":{"line":214,"column":11},"end":{"line":214,"column":21}},{"start":{"line":215,"column":12},"end":{"line":219,"column":14}}]},"17":{"loc":{"start":{"line":222,"column":9},"end":{"line":222,"column":23}},"type":"binary-expr","locations":[{"start":{"line":222,"column":9},"end":{"line":222,"column":23}},{"start":{"line":223,"column":10},"end":{"line":226,"column":16}}]}},"s":{"0":1,"1":1,"2":1,"3":1,"4":1,"5":1,"6":1,"7":1,"8":1,"9":1,"10":1,"11":1,"12":1,"13":0,"14":0,"15":0,"16":0,"17":0,"18":0,"19":0,"20":0,"21":0,"22":0,"23":0,"24":0,"25":0,"26":0,"27":0,"28":0,"29":0,"30":0,"31":0,"32":0,"33":0,"34":0,"35":0,"36":0,"37":0,"38":0,"39":0,"40":0,"41":0,"42":0,"43":0,"44":0,"45":0,"46":0,"47":0,"48":0,"49":0,"50":0,"51":0,"52":0,"53":0,"54":0,"55":0,"56":0,"57":0,"58":0,"59":0,"60":0,"61":0,"62":0,"63":0,"64":0,"65":0,"66":0,"67":0,"68":0,"69":0,"70":0,"71":0,"72":0,"73":1},"f":{"0":1,"1":1,"2":0,"3":0,"4":0,"5":0,"6":0,"7":0,"8":0,"9":0,"10":0,"11":0,"12":0,"13":0,"14":0},"b":{"0":[1,1],"1":[0,0,0],"2":[0,0],"3":[0,0],"4":[0,0],"5":[0,0],"6":[0,0],"7":[0,0],"8":[0,0],"9":[0,0],"10":[0,0],"11":[0,0],"12":[0,0],"13":[0,0],"14":[0,0],"15":[0,0,0],"16":[0,0],"17":[0,0]}}
,"C:\\Genesys\\Projects\\PureEngage\\genesys-webcomponents\\src\\components\\global\\genesys-toggle\\genesys-toggle.tsx": {"path":"C:\\Genesys\\Projects\\PureEngage\\genesys-webcomponents\\src\\components\\global\\genesys-toggle\\genesys-toggle.tsx","statementMap":{"0":{"start":{"line":1,"column":0},"end":{"line":1,"column":77}},"1":{"start":{"line":2,"column":14},"end":{"line":2,"column":16}},"2":{"start":{"line":3,"column":14},"end":{"line":3,"column":16}},"3":{"start":{"line":41,"column":4},"end":{"line":41,"column":26}},"4":{"start":{"line":42,"column":4},"end":{"line":42,"column":27}},"5":{"start":{"line":43,"column":4},"end":{"line":43,"column":39}},"6":{"start":{"line":44,"column":4},"end":{"line":44,"column":33}},"7":{"start":{"line":48,"column":4},"end":{"line":50,"column":5}},"8":{"start":{"line":49,"column":6},"end":{"line":49,"column":34}},"9":{"start":{"line":54,"column":4},"end":{"line":56,"column":5}},"10":{"start":{"line":55,"column":6},"end":{"line":55,"column":20}},"11":{"start":{"line":60,"column":16},"end":{"line":60,"column":70}},"12":{"start":{"line":61,"column":4},"end":{"line":63,"column":5}},"13":{"start":{"line":62,"column":6},"end":{"line":62,"column":69}},"14":{"start":{"line":64,"column":4},"end":{"line":64,"column":16}},"15":{"start":{"line":68,"column":4},"end":{"line":92,"column":6}},"16":{"start":{"line":74,"column":26},"end":{"line":74,"column":39}},"17":{"start":{"line":75,"column":30},"end":{"line":75,"column":47}},"18":{"start":{"line":80,"column":29},"end":{"line":80,"column":54}},"19":{"start":{"line":82,"column":34},"end":{"line":82,"column":51}},"20":{"start":{"line":5,"column":0},"end":{"line":94,"column":1}}},"fnMap":{"0":{"name":"(anonymous_0)","decl":{"start":{"line":40,"column":2},"end":{"line":40,"column":10}},"loc":{"start":{"line":40,"column":18},"end":{"line":45,"column":3}}},"1":{"name":"(anonymous_1)","decl":{"start":{"line":47,"column":2},"end":{"line":47,"column":7}},"loc":{"start":{"line":47,"column":8},"end":{"line":51,"column":3}}},"2":{"name":"(anonymous_2)","decl":{"start":{"line":53,"column":2},"end":{"line":53,"column":10}},"loc":{"start":{"line":53,"column":33},"end":{"line":57,"column":3}}},"3":{"name":"(anonymous_3)","decl":{"start":{"line":59,"column":2},"end":{"line":59,"column":13}},"loc":{"start":{"line":59,"column":14},"end":{"line":65,"column":3}}},"4":{"name":"(anonymous_4)","decl":{"start":{"line":67,"column":2},"end":{"line":67,"column":7}},"loc":{"start":{"line":67,"column":8},"end":{"line":93,"column":3}}},"5":{"name":"(anonymous_5)","decl":{"start":{"line":74,"column":21},"end":{"line":74,"column":22}},"loc":{"start":{"line":74,"column":26},"end":{"line":74,"column":39}}},"6":{"name":"(anonymous_6)","decl":{"start":{"line":75,"column":23},"end":{"line":75,"column":24}},"loc":{"start":{"line":75,"column":30},"end":{"line":75,"column":47}}},"7":{"name":"(anonymous_7)","decl":{"start":{"line":80,"column":23},"end":{"line":80,"column":24}},"loc":{"start":{"line":80,"column":29},"end":{"line":80,"column":54}}},"8":{"name":"(anonymous_8)","decl":{"start":{"line":82,"column":27},"end":{"line":82,"column":28}},"loc":{"start":{"line":82,"column":34},"end":{"line":82,"column":51}}}},"branchMap":{"0":{"loc":{"start":{"line":48,"column":4},"end":{"line":50,"column":5}},"type":"if","locations":[{"start":{"line":48,"column":4},"end":{"line":50,"column":5}},{"start":{"line":48,"column":4},"end":{"line":50,"column":5}}]},"1":{"loc":{"start":{"line":54,"column":4},"end":{"line":56,"column":5}},"type":"if","locations":[{"start":{"line":54,"column":4},"end":{"line":56,"column":5}},{"start":{"line":54,"column":4},"end":{"line":56,"column":5}}]},"2":{"loc":{"start":{"line":54,"column":8},"end":{"line":54,"column":31}},"type":"binary-expr","locations":[{"start":{"line":54,"column":8},"end":{"line":54,"column":31}},{"start":{"line":54,"column":35},"end":{"line":54,"column":58}}]},"3":{"loc":{"start":{"line":60,"column":31},"end":{"line":60,"column":48}},"type":"cond-expr","locations":[{"start":{"line":60,"column":31},"end":{"line":60,"column":48}},{"start":{"line":60,"column":51},"end":{"line":60,"column":70}}]},"4":{"loc":{"start":{"line":61,"column":4},"end":{"line":63,"column":5}},"type":"if","locations":[{"start":{"line":61,"column":4},"end":{"line":63,"column":5}},{"start":{"line":61,"column":4},"end":{"line":63,"column":5}}]},"5":{"loc":{"start":{"line":62,"column":14},"end":{"line":62,"column":50}},"type":"binary-expr","locations":[{"start":{"line":62,"column":14},"end":{"line":62,"column":50}},{"start":{"line":62,"column":54},"end":{"line":62,"column":69}}]},"6":{"loc":{"start":{"line":69,"column":33},"end":{"line":69,"column":50}},"type":"cond-expr","locations":[{"start":{"line":69,"column":33},"end":{"line":69,"column":50}},{"start":{"line":69,"column":53},"end":{"line":69,"column":55}}]},"7":{"loc":{"start":{"line":70,"column":38},"end":{"line":70,"column":40}},"type":"cond-expr","locations":[{"start":{"line":70,"column":38},"end":{"line":70,"column":40}},{"start":{"line":70,"column":43},"end":{"line":70,"column":46}}]},"8":{"loc":{"start":{"line":88,"column":10},"end":{"line":88,"column":79}},"type":"cond-expr","locations":[{"start":{"line":88,"column":10},"end":{"line":88,"column":79}},{"start":{"line":89,"column":12},"end":{"line":89,"column":14}}]},"9":{"loc":{"start":{"line":87,"column":10},"end":{"line":87,"column":29}},"type":"binary-expr","locations":[{"start":{"line":87,"column":10},"end":{"line":87,"column":29}},{"start":{"line":87,"column":33},"end":{"line":87,"column":50}}]},"10":{"loc":{"start":{"line":88,"column":32},"end":{"line":88,"column":49}},"type":"cond-expr","locations":[{"start":{"line":88,"column":32},"end":{"line":88,"column":49}},{"start":{"line":88,"column":52},"end":{"line":88,"column":71}}]}},"s":{"0":1,"1":1,"2":1,"3":0,"4":0,"5":0,"6":0,"7":0,"8":0,"9":0,"10":0,"11":0,"12":0,"13":0,"14":0,"15":0,"16":0,"17":0,"18":0,"19":0,"20":1},"f":{"0":0,"1":0,"2":0,"3":0,"4":0,"5":0,"6":0,"7":0,"8":0},"b":{"0":[0,0],"1":[0,0],"2":[0,0],"3":[0,0],"4":[0,0],"5":[0,0],"6":[0,0],"7":[0,0],"8":[0,0],"9":[0,0],"10":[0,0]}}
}
